app/build/intermediates/manifest_merge_blame_file/debug/manifest-merger-blame-debug-report.txt
1<?xml version="1.0" encoding="utf-8"?>
2<manifest xmlns:android="http://schemas.android.com/apk/res/android"
3    package="com.videomaster.app"
4    android:versionCode="1"
5    android:versionName="1.0.0" >
6
7    <uses-sdk
8        android:minSdkVersion="29"
9        android:targetSdkVersion="34" />
10
11    <!-- Storage permissions for Android 10+ -->
12    <uses-permission
12-->src\main\AndroidManifest.xml:5:5-6:38
13        android:name="android.permission.READ_EXTERNAL_STORAGE"
13-->src\main\AndroidManifest.xml:5:22-77
14        android:maxSdkVersion="32" />
14-->src\main\AndroidManifest.xml:6:9-35
15    <uses-permission
15-->src\main\AndroidManifest.xml:7:5-8:38
16        android:name="android.permission.WRITE_EXTERNAL_STORAGE"
16-->src\main\AndroidManifest.xml:7:22-78
17        android:maxSdkVersion="29" />
17-->src\main\AndroidManifest.xml:8:9-35
18    <uses-permission
18-->src\main\AndroidManifest.xml:9:5-10:38
19        android:name="android.permission.READ_MEDIA_VIDEO"
19-->src\main\AndroidManifest.xml:9:22-72
20        android:minSdkVersion="33" />
20-->src\main\AndroidManifest.xml:10:9-35
21    <uses-permission
21-->src\main\AndroidManifest.xml:11:5-12:38
22        android:name="android.permission.READ_MEDIA_IMAGES"
22-->src\main\AndroidManifest.xml:11:22-73
23        android:minSdkVersion="33" />
23-->src\main\AndroidManifest.xml:12:9-35
24    <uses-permission
24-->src\main\AndroidManifest.xml:13:5-14:38
25        android:name="android.permission.READ_MEDIA_AUDIO"
25-->src\main\AndroidManifest.xml:13:22-72
26        android:minSdkVersion="33" />
26-->src\main\AndroidManifest.xml:14:9-35
27
28    <!-- Keep screen on during playback -->
29    <uses-permission android:name="android.permission.WAKE_LOCK" />
29-->src\main\AndroidManifest.xml:17:5-68
29-->src\main\AndroidManifest.xml:17:22-65
30    <uses-permission android:name="android.permission.ACCESS_NETWORK_STATE" />
30-->[androidx.media3:media3-exoplayer:1.3.0] AndroidManifest.xml:22:5-79
30-->[androidx.media3:media3-exoplayer:1.3.0] AndroidManifest.xml:22:22-76
31
32    <permission
32-->[androidx.core:core:1.9.0] AndroidManifest.xml:22:5-24:47
33        android:name="com.videomaster.app.DYNAMIC_RECEIVER_NOT_EXPORTED_PERMISSION"
33-->[androidx.core:core:1.9.0] AndroidManifest.xml:23:9-81
34        android:protectionLevel="signature" />
34-->[androidx.core:core:1.9.0] AndroidManifest.xml:24:9-44
35
36    <uses-permission android:name="com.videomaster.app.DYNAMIC_RECEIVER_NOT_EXPORTED_PERMISSION" />
36-->[androidx.core:core:1.9.0] AndroidManifest.xml:26:5-97
36-->[androidx.core:core:1.9.0] AndroidManifest.xml:26:22-94
37
38    <application
38-->src\main\AndroidManifest.xml:19:5-94:19
39        android:allowBackup="false"
39-->src\main\AndroidManifest.xml:20:9-36
40        android:appComponentFactory="androidx.core.app.CoreComponentFactory"
40-->[androidx.core:core:1.9.0] AndroidManifest.xml:28:18-86
41        android:debuggable="true"
42        android:extractNativeLibs="false"
43        android:icon="@mipmap/ic_launcher"
43-->src\main\AndroidManifest.xml:21:9-43
44        android:label="@string/app_name"
44-->src\main\AndroidManifest.xml:22:9-41
45        android:networkSecurityConfig="@xml/network_security_config"
45-->src\main\AndroidManifest.xml:27:9-69
46        android:roundIcon="@mipmap/ic_launcher_round"
46-->src\main\AndroidManifest.xml:23:9-54
47        android:supportsRtl="true"
47-->src\main\AndroidManifest.xml:24:9-35
48        android:testOnly="true"
49        android:theme="@style/Theme.VideoMaster"
49-->src\main\AndroidManifest.xml:25:9-49
50        android:usesCleartextTraffic="false" >
50-->src\main\AndroidManifest.xml:26:9-45
51
52        <!-- Main activity: media library with bottom navigation -->
53        <activity
53-->src\main\AndroidManifest.xml:30:9-50:20
54            android:name="com.videomaster.app.MainActivity"
54-->src\main\AndroidManifest.xml:31:13-41
55            android:exported="true"
55-->src\main\AndroidManifest.xml:32:13-36
56            android:screenOrientation="portrait"
56-->src\main\AndroidManifest.xml:33:13-49
57            android:windowSoftInputMode="adjustResize" >
57-->src\main\AndroidManifest.xml:34:13-55
58            <intent-filter>
58-->src\main\AndroidManifest.xml:35:13-38:29
59                <action android:name="android.intent.action.MAIN" />
59-->src\main\AndroidManifest.xml:36:17-69
59-->src\main\AndroidManifest.xml:36:25-66
60
61                <category android:name="android.intent.category.LAUNCHER" />
61-->src\main\AndroidManifest.xml:37:17-77
61-->src\main\AndroidManifest.xml:37:27-74
62            </intent-filter>
63            <!-- Allow opening video/audio from other apps -->
64            <intent-filter>
64-->src\main\AndroidManifest.xml:40:13-44:29
65                <action android:name="android.intent.action.VIEW" />
65-->src\main\AndroidManifest.xml:41:17-69
65-->src\main\AndroidManifest.xml:41:25-66
66
67                <category android:name="android.intent.category.DEFAULT" />
67-->src\main\AndroidManifest.xml:42:17-76
67-->src\main\AndroidManifest.xml:42:27-73
68
69                <data android:mimeType="video/*" />
69-->src\main\AndroidManifest.xml:43:17-52
69-->src\main\AndroidManifest.xml:43:23-49
70            </intent-filter>
71            <intent-filter>
71-->src\main\AndroidManifest.xml:45:13-49:29
72                <action android:name="android.intent.action.VIEW" />
72-->src\main\AndroidManifest.xml:41:17-69
72-->src\main\AndroidManifest.xml:41:25-66
73
74                <category android:name="android.intent.category.DEFAULT" />
74-->src\main\AndroidManifest.xml:42:17-76
74-->src\main\AndroidManifest.xml:42:27-73
75
76                <data android:mimeType="audio/*" />
76-->src\main\AndroidManifest.xml:43:17-52
76-->src\main\AndroidManifest.xml:43:23-49
77            </intent-filter>
78        </activity>
79
80        <!-- Player activity -->
81        <activity
81-->src\main\AndroidManifest.xml:53:9-59:46
82            android:name="com.videomaster.app.PlayerActivity"
82-->src\main\AndroidManifest.xml:54:13-43
83            android:configChanges="orientation|screenSize|smallestScreenSize|screenLayout|keyboardHidden"
83-->src\main\AndroidManifest.xml:56:13-106
84            android:exported="false"
84-->src\main\AndroidManifest.xml:55:13-37
85            android:launchMode="singleTop"
85-->src\main\AndroidManifest.xml:59:13-43
86            android:screenOrientation="sensor"
86-->src\main\AndroidManifest.xml:57:13-47
87            android:windowSoftInputMode="adjustNothing" />
87-->src\main\AndroidManifest.xml:58:13-56
88
89        <!-- Settings -->
90        <activity
90-->src\main\AndroidManifest.xml:62:9-67:58
91            android:name="com.videomaster.app.SettingsActivity"
91-->src\main\AndroidManifest.xml:63:13-45
92            android:exported="false"
92-->src\main\AndroidManifest.xml:64:13-37
93            android:parentActivityName="com.videomaster.app.MainActivity"
93-->src\main\AndroidManifest.xml:67:13-55
94            android:screenOrientation="portrait"
94-->src\main\AndroidManifest.xml:65:13-49
95            android:windowSoftInputMode="adjustResize" />
95-->src\main\AndroidManifest.xml:66:13-55
96
97        <!-- Playlist management -->
98        <activity
98-->src\main\AndroidManifest.xml:70:9-74:58
99            android:name="com.videomaster.app.playlist.PlaylistActivity"
99-->src\main\AndroidManifest.xml:71:13-54
100            android:exported="false"
100-->src\main\AndroidManifest.xml:72:13-37
101            android:screenOrientation="portrait"
101-->src\main\AndroidManifest.xml:73:13-49
102            android:windowSoftInputMode="adjustResize" />
102-->src\main\AndroidManifest.xml:74:13-55
103
104        <!-- Playlist detail (items within a playlist) -->
105        <activity
105-->src\main\AndroidManifest.xml:77:9-81:58
106            android:name="com.videomaster.app.playlist.PlaylistDetailActivity"
106-->src\main\AndroidManifest.xml:78:13-60
107            android:exported="false"
107-->src\main\AndroidManifest.xml:79:13-37
108            android:screenOrientation="portrait"
108-->src\main\AndroidManifest.xml:80:13-49
109            android:windowSoftInputMode="adjustResize" />
109-->src\main\AndroidManifest.xml:81:13-55
110
111        <!-- FileProvider for subtitle export -->
112        <provider
113            android:name="androidx.core.content.FileProvider"
113-->src\main\AndroidManifest.xml:85:13-62
114            android:authorities="com.videomaster.app.fileprovider"
114-->src\main\AndroidManifest.xml:86:13-64
115            android:exported="false"
115-->src\main\AndroidManifest.xml:87:13-37
116            android:grantUriPermissions="true" >
116-->src\main\AndroidManifest.xml:88:13-47
117            <meta-data
117-->src\main\AndroidManifest.xml:89:13-91:54
118                android:name="android.support.FILE_PROVIDER_PATHS"
118-->src\main\AndroidManifest.xml:90:17-67
119                android:resource="@xml/file_paths" />
119-->src\main\AndroidManifest.xml:91:17-51
120        </provider>
121        <provider
121-->[androidx.emoji2:emoji2:1.2.0] AndroidManifest.xml:24:9-32:20
122            android:name="androidx.startup.InitializationProvider"
122-->[androidx.emoji2:emoji2:1.2.0] AndroidManifest.xml:25:13-67
123            android:authorities="com.videomaster.app.androidx-startup"
123-->[androidx.emoji2:emoji2:1.2.0] AndroidManifest.xml:26:13-68
124            android:exported="false" >
124-->[androidx.emoji2:emoji2:1.2.0] AndroidManifest.xml:27:13-37
125            <meta-data
125-->[androidx.emoji2:emoji2:1.2.0] AndroidManifest.xml:29:13-31:52
126                android:name="androidx.emoji2.text.EmojiCompatInitializer"
126-->[androidx.emoji2:emoji2:1.2.0] AndroidManifest.xml:30:17-75
127                android:value="androidx.startup" />
127-->[androidx.emoji2:emoji2:1.2.0] AndroidManifest.xml:31:17-49
128            <meta-data
128-->[androidx.lifecycle:lifecycle-process:2.7.0] AndroidManifest.xml:29:13-31:52
129                android:name="androidx.lifecycle.ProcessLifecycleInitializer"
129-->[androidx.lifecycle:lifecycle-process:2.7.0] AndroidManifest.xml:30:17-78
130                android:value="androidx.startup" />
130-->[androidx.lifecycle:lifecycle-process:2.7.0] AndroidManifest.xml:31:17-49
131            <meta-data
131-->[androidx.profileinstaller:profileinstaller:1.3.0] AndroidManifest.xml:29:13-31:52
132                android:name="androidx.profileinstaller.ProfileInstallerInitializer"
132-->[androidx.profileinstaller:profileinstaller:1.3.0] AndroidManifest.xml:30:17-85
133                android:value="androidx.startup" />
133-->[androidx.profileinstaller:profileinstaller:1.3.0] AndroidManifest.xml:31:17-49
134        </provider>
135
136        <receiver
136-->[androidx.profileinstaller:profileinstaller:1.3.0] AndroidManifest.xml:34:9-52:20
137            android:name="androidx.profileinstaller.ProfileInstallReceiver"
137-->[androidx.profileinstaller:profileinstaller:1.3.0] AndroidManifest.xml:35:13-76
138            android:directBootAware="false"
138-->[androidx.profileinstaller:profileinstaller:1.3.0] AndroidManifest.xml:36:13-44
139            android:enabled="true"
139-->[androidx.profileinstaller:profileinstaller:1.3.0] AndroidManifest.xml:37:13-35
140            android:exported="true"
140-->[androidx.profileinstaller:profileinstaller:1.3.0] AndroidManifest.xml:38:13-36
141            android:permission="android.permission.DUMP" >
141-->[androidx.profileinstaller:profileinstaller:1.3.0] AndroidManifest.xml:39:13-57
142            <intent-filter>
142-->[androidx.profileinstaller:profileinstaller:1.3.0] AndroidManifest.xml:40:13-42:29
143                <action android:name="androidx.profileinstaller.action.INSTALL_PROFILE" />
143-->[androidx.profileinstaller:profileinstaller:1.3.0] AndroidManifest.xml:41:17-91
143-->[androidx.profileinstaller:profileinstaller:1.3.0] AndroidManifest.xml:41:25-88
144            </intent-filter>
145            <intent-filter>
145-->[androidx.profileinstaller:profileinstaller:1.3.0] AndroidManifest.xml:43:13-45:29
146                <action android:name="androidx.profileinstaller.action.SKIP_FILE" />
146-->[androidx.profileinstaller:profileinstaller:1.3.0] AndroidManifest.xml:44:17-85
146-->[androidx.profileinstaller:profileinstaller:1.3.0] AndroidManifest.xml:44:25-82
147            </intent-filter>
148            <intent-filter>
148-->[androidx.profileinstaller:profileinstaller:1.3.0] AndroidManifest.xml:46:13-48:29
149                <action android:name="androidx.profileinstaller.action.SAVE_PROFILE" />
149-->[androidx.profileinstaller:profileinstaller:1.3.0] AndroidManifest.xml:47:17-88
149-->[androidx.profileinstaller:profileinstaller:1.3.0] AndroidManifest.xml:47:25-85
150            </intent-filter>
151            <intent-filter>
151-->[androidx.profileinstaller:profileinstaller:1.3.0] AndroidManifest.xml:49:13-51:29
152                <action android:name="androidx.profileinstaller.action.BENCHMARK_OPERATION" />
152-->[androidx.profileinstaller:profileinstaller:1.3.0] AndroidManifest.xml:50:17-95
152-->[androidx.profileinstaller:profileinstaller:1.3.0] AndroidManifest.xml:50:25-92
153            </intent-filter>
154        </receiver>
155    </application>
156
157</manifest>